0 info it worked if it ends with ok
1 verbose cli [ '/home/ubuntu/.nvm/versions/node/v4.4.3/bin/node',
1 verbose cli   '/home/ubuntu/.nvm/versions/node/v4.4.3/bin/npm',
1 verbose cli   'whoami' ]
2 info using npm@3.9.0
3 info using node@v4.4.3
4 verbose stack Error: this command requires you to be logged in.
4 verbose stack     at EventEmitter.whoami (/home/ubuntu/.nvm/versions/node/v4.4.3/lib/node_modules/npm/lib/whoami.js:41:18)
4 verbose stack     at Object.commandCache.(anonymous function) (/home/ubuntu/.nvm/versions/node/v4.4.3/lib/node_modules/npm/lib/npm.js:122:13)
4 verbose stack     at EventEmitter.<anonymous> (/home/ubuntu/.nvm/versions/node/v4.4.3/lib/node_modules/npm/bin/npm-cli.js:73:30)
4 verbose stack     at nextTickCallbackWith0Args (node.js:420:9)
4 verbose stack     at process._tickCallback (node.js:349:13)
5 verbose cwd /home/ubuntu/workspace/npm-workshop
6 error Linux 4.2.0-c9
7 error argv "/home/ubuntu/.nvm/versions/node/v4.4.3/bin/node" "/home/ubuntu/.nvm/versions/node/v4.4.3/bin/npm" "whoami"
8 error node v4.4.3
9 error npm  v3.9.0
10 error code ENEEDAUTH
11 error need auth this command requires you to be logged in.
12 error need auth You need to authorize this machine using `npm adduser`
13 verbose exit [ 1, true ]
